<?xml version="1.0" encoding="UTF-8"?>
<testsuite xmlns:xsi="http://www.w3.org/2001/XMLSchema-instance" xsi:noNamespaceSchemaLocation="https://maven.apache.org/surefire/maven-surefire-plugin/xsd/surefire-test-report-3.0.xsd" version="3.0" name="TestSuite" time="37.42" tests="5" errors="0" skipped="0" failures="3">
  <properties>
    <property name="sun.desktop" value="windows"/>
    <property name="awt.toolkit" value="sun.awt.windows.WToolkit"/>
    <property name="file.encoding.pkg" value="sun.io"/>
    <property name="java.specification.version" value="1.8"/>
    <property name="webdriver.chrome.driver" value="C:\Users\Pankaj Arora\eclipse-workspace\Learn\resources\chromedriver.exe"/>
    <property name="sun.cpu.isalist" value="amd64"/>
    <property name="sun.jnu.encoding" value="Cp1252"/>
    <property name="java.class.path" value="C:\Users\Pankaj Arora\eclipse-workspace\RealTime\target\test-classes;C:\Users\Pankaj Arora\eclipse-workspace\RealTime\target\classes;C:\Users\Pankaj Arora\.m2\repository\com\aventstack\extentreports\5.0.4\extentreports-5.0.4.jar;C:\Users\Pankaj Arora\.m2\repository\io\reactivex\rxjava3\rxjava\3.0.4\rxjava-3.0.4.jar;C:\Users\Pankaj Arora\.m2\repository\org\reactivestreams\reactive-streams\1.0.3\reactive-streams-1.0.3.jar;C:\Users\Pankaj Arora\.m2\repository\org\freemarker\freemarker\2.3.30\freemarker-2.3.30.jar;C:\Users\Pankaj Arora\.m2\repository\org\projectlombok\lombok\1.18.12\lombok-1.18.12.jar;C:\Users\Pankaj Arora\.m2\repository\com\google\code\gson\gson\2.8.6\gson-2.8.6.jar;C:\Users\Pankaj Arora\.m2\repository\org\apache\logging\log4j\log4j-api\2.13.3\log4j-api-2.13.3.jar;C:\Users\Pankaj Arora\.m2\repository\org\apache\logging\log4j\log4j-core\2.13.3\log4j-core-2.13.3.jar;C:\Users\Pankaj Arora\.m2\repository\junit\junit\4.11\junit-4.11.jar;C:\Users\Pankaj Arora\.m2\repository\org\hamcrest\hamcrest-core\1.3\hamcrest-core-1.3.jar;C:\Users\Pankaj Arora\.m2\repository\commons-io\commons-io\2.5\commons-io-2.5.jar;C:\Users\Pankaj Arora\.m2\repository\org\seleniumhq\selenium\selenium-java\4.0.0-alpha-4\selenium-java-4.0.0-alpha-4.jar;C:\Users\Pankaj Arora\.m2\repository\org\seleniumhq\selenium\selenium-api\4.0.0-alpha-4\selenium-api-4.0.0-alpha-4.jar;C:\Users\Pankaj Arora\.m2\repository\org\seleniumhq\selenium\selenium-chrome-driver\4.0.0-alpha-4\selenium-chrome-driver-4.0.0-alpha-4.jar;C:\Users\Pankaj Arora\.m2\repository\com\google\auto\service\auto-service-annotations\1.0-rc6\auto-service-annotations-1.0-rc6.jar;C:\Users\Pankaj Arora\.m2\repository\com\google\auto\service\auto-service\1.0-rc6\auto-service-1.0-rc6.jar;C:\Users\Pankaj Arora\.m2\repository\com\google\auto\auto-common\0.10\auto-common-0.10.jar;C:\Users\Pankaj Arora\.m2\repository\com\google\guava\guava\28.2-jre\guava-28.2-jre.jar;C:\Users\Pankaj Arora\.m2\repository\com\google\guava\failureaccess\1.0.1\failureaccess-1.0.1.jar;C:\Users\Pankaj Arora\.m2\repository\com\google\guava\listenablefuture\9999.0-empty-to-avoid-conflict-with-guava\listenablefuture-9999.0-empty-to-avoid-conflict-with-guava.jar;C:\Users\Pankaj Arora\.m2\repository\com\google\code\findbugs\jsr305\3.0.2\jsr305-3.0.2.jar;C:\Users\Pankaj Arora\.m2\repository\org\checkerframework\checker-qual\2.10.0\checker-qual-2.10.0.jar;C:\Users\Pankaj Arora\.m2\repository\com\google\errorprone\error_prone_annotations\2.3.4\error_prone_annotations-2.3.4.jar;C:\Users\Pankaj Arora\.m2\repository\com\google\j2objc\j2objc-annotations\1.3\j2objc-annotations-1.3.jar;C:\Users\Pankaj Arora\.m2\repository\org\seleniumhq\selenium\selenium-chromium-driver\4.0.0-alpha-4\selenium-chromium-driver-4.0.0-alpha-4.jar;C:\Users\Pankaj Arora\.m2\repository\org\seleniumhq\selenium\selenium-devtools\4.0.0-alpha-4\selenium-devtools-4.0.0-alpha-4.jar;C:\Users\Pankaj Arora\.m2\repository\org\seleniumhq\selenium\selenium-http\4.0.0-alpha-4\selenium-http-4.0.0-alpha-4.jar;C:\Users\Pankaj Arora\.m2\repository\org\seleniumhq\selenium\selenium-json\4.0.0-alpha-4\selenium-json-4.0.0-alpha-4.jar;C:\Users\Pankaj Arora\.m2\repository\org\seleniumhq\selenium\selenium-edge-driver\4.0.0-alpha-4\selenium-edge-driver-4.0.0-alpha-4.jar;C:\Users\Pankaj Arora\.m2\repository\org\seleniumhq\selenium\selenium-edgehtml-driver\4.0.0-alpha-4\selenium-edgehtml-driver-4.0.0-alpha-4.jar;C:\Users\Pankaj Arora\.m2\repository\org\seleniumhq\selenium\selenium-firefox-driver\4.0.0-alpha-4\selenium-firefox-driver-4.0.0-alpha-4.jar;C:\Users\Pankaj Arora\.m2\repository\org\seleniumhq\selenium\selenium-firefox-xpi-driver\4.0.0-alpha-4\selenium-firefox-xpi-driver-4.0.0-alpha-4.jar;C:\Users\Pankaj Arora\.m2\repository\org\seleniumhq\selenium\selenium-ie-driver\4.0.0-alpha-4\selenium-ie-driver-4.0.0-alpha-4.jar;C:\Users\Pankaj Arora\.m2\repository\org\seleniumhq\selenium\selenium-opera-driver\4.0.0-alpha-4\selenium-opera-driver-4.0.0-alpha-4.jar;C:\Users\Pankaj Arora\.m2\repository\org\seleniumhq\selenium\selenium-remote-driver\4.0.0-alpha-4\selenium-remote-driver-4.0.0-alpha-4.jar;C:\Users\Pankaj Arora\.m2\repository\com\squareup\okhttp3\okhttp\4.3.0\okhttp-4.3.0.jar;C:\Users\Pankaj Arora\.m2\repository\com\squareup\okio\okio\2.4.1\okio-2.4.1.jar;C:\Users\Pankaj Arora\.m2\repository\org\jetbrains\kotlin\kotlin-stdlib-common\1.3.50\kotlin-stdlib-common-1.3.50.jar;C:\Users\Pankaj Arora\.m2\repository\org\jetbrains\kotlin\kotlin-stdlib\1.3.61\kotlin-stdlib-1.3.61.jar;C:\Users\Pankaj Arora\.m2\repository\org\jetbrains\annotations\13.0\annotations-13.0.jar;C:\Users\Pankaj Arora\.m2\repository\com\typesafe\netty\netty-reactive-streams\2.0.4\netty-reactive-streams-2.0.4.jar;C:\Users\Pankaj Arora\.m2\repository\io\netty\netty-handler\4.1.43.Final\netty-handler-4.1.43.Final.jar;C:\Users\Pankaj Arora\.m2\repository\io\netty\netty-common\4.1.43.Final\netty-common-4.1.43.Final.jar;C:\Users\Pankaj Arora\.m2\repository\io\netty\netty-buffer\4.1.43.Final\netty-buffer-4.1.43.Final.jar;C:\Users\Pankaj Arora\.m2\repository\io\netty\netty-transport\4.1.43.Final\netty-transport-4.1.43.Final.jar;C:\Users\Pankaj Arora\.m2\repository\io\netty\netty-codec\4.1.43.Final\netty-codec-4.1.43.Final.jar;C:\Users\Pankaj Arora\.m2\repository\io\opentracing\opentracing-api\0.33.0\opentracing-api-0.33.0.jar;C:\Users\Pankaj Arora\.m2\repository\net\bytebuddy\byte-buddy\1.10.6\byte-buddy-1.10.6.jar;C:\Users\Pankaj Arora\.m2\repository\org\apache\commons\commons-exec\1.3\commons-exec-1.3.jar;C:\Users\Pankaj Arora\.m2\repository\org\asynchttpclient\async-http-client\2.10.4\async-http-client-2.10.4.jar;C:\Users\Pankaj Arora\.m2\repository\org\asynchttpclient\async-http-client-netty-utils\2.10.4\async-http-client-netty-utils-2.10.4.jar;C:\Users\Pankaj Arora\.m2\repository\io\netty\netty-codec-http\4.1.42.Final\netty-codec-http-4.1.42.Final.jar;C:\Users\Pankaj Arora\.m2\repository\io\netty\netty-codec-socks\4.1.42.Final\netty-codec-socks-4.1.42.Final.jar;C:\Users\Pankaj Arora\.m2\repository\io\netty\netty-handler-proxy\4.1.42.Final\netty-handler-proxy-4.1.42.Final.jar;C:\Users\Pankaj Arora\.m2\repository\io\netty\netty-transport-native-epoll\4.1.42.Final\netty-transport-native-epoll-4.1.42.Final-linux-x86_64.jar;C:\Users\Pankaj Arora\.m2\repository\io\netty\netty-transport-native-unix-common\4.1.42.Final\netty-transport-native-unix-common-4.1.42.Final.jar;C:\Users\Pankaj Arora\.m2\repository\io\netty\netty-transport-native-kqueue\4.1.42.Final\netty-transport-native-kqueue-4.1.42.Final-osx-x86_64.jar;C:\Users\Pankaj Arora\.m2\repository\io\netty\netty-resolver-dns\4.1.42.Final\netty-resolver-dns-4.1.42.Final.jar;C:\Users\Pankaj Arora\.m2\repository\io\netty\netty-resolver\4.1.42.Final\netty-resolver-4.1.42.Final.jar;C:\Users\Pankaj Arora\.m2\repository\io\netty\netty-codec-dns\4.1.42.Final\netty-codec-dns-4.1.42.Final.jar;C:\Users\Pankaj Arora\.m2\repository\org\slf4j\slf4j-api\1.7.26\slf4j-api-1.7.26.jar;C:\Users\Pankaj Arora\.m2\repository\com\sun\activation\javax.activation\1.2.0\javax.activation-1.2.0.jar;C:\Users\Pankaj Arora\.m2\repository\org\seleniumhq\selenium\selenium-safari-driver\4.0.0-alpha-4\selenium-safari-driver-4.0.0-alpha-4.jar;C:\Users\Pankaj Arora\.m2\repository\org\seleniumhq\selenium\selenium-support\4.0.0-alpha-4\selenium-support-4.0.0-alpha-4.jar;C:\Users\Pankaj Arora\.m2\repository\org\testng\testng\7.3.0\testng-7.3.0.jar;C:\Users\Pankaj Arora\.m2\repository\com\beust\jcommander\1.78\jcommander-1.78.jar;C:\Users\Pankaj Arora\.m2\repository\org\apache\ant\ant\1.10.3\ant-1.10.3.jar;C:\Users\Pankaj Arora\.m2\repository\org\apache\ant\ant-launcher\1.10.3\ant-launcher-1.10.3.jar;C:\Users\Pankaj Arora\.m2\repository\com\google\inject\guice\4.2.2\guice-4.2.2-no_aop.jar;C:\Users\Pankaj Arora\.m2\repository\javax\inject\javax.inject\1\javax.inject-1.jar;C:\Users\Pankaj Arora\.m2\repository\aopalliance\aopalliance\1.0\aopalliance-1.0.jar;C:\Users\Pankaj Arora\.m2\repository\org\yaml\snakeyaml\1.21\snakeyaml-1.21.jar;"/>
    <property name="java.vm.vendor" value="Oracle Corporation"/>
    <property name="sun.arch.data.model" value="64"/>
    <property name="user.variant" value=""/>
    <property name="java.vendor.url" value="http://java.oracle.com/"/>
    <property name="user.timezone" value="Asia/Calcutta"/>
    <property name="java.vm.specification.version" value="1.8"/>
    <property name="os.name" value="Windows 8.1"/>
    <property name="user.country" value="IN"/>
    <property name="sun.java.launcher" value="SUN_STANDARD"/>
    <property name="sun.boot.library.path" value="C:\Program Files\Java\jdk1.8.0_51\jre\bin"/>
    <property name="sun.java.command" value="C:\Users\Pankaj Arora\AppData\Local\Temp\surefire977247037741117041\surefirebooter2390803449592897209.jar C:\Users\Pankaj Arora\AppData\Local\Temp\surefire977247037741117041 2020-09-20T17-57-40_245-jvmRun1 surefire779570452892860043tmp surefire_03057042216497208383tmp"/>
    <property name="surefire.test.class.path" value="C:\Users\Pankaj Arora\eclipse-workspace\RealTime\target\test-classes;C:\Users\Pankaj Arora\eclipse-workspace\RealTime\target\classes;C:\Users\Pankaj Arora\.m2\repository\com\aventstack\extentreports\5.0.4\extentreports-5.0.4.jar;C:\Users\Pankaj Arora\.m2\repository\io\reactivex\rxjava3\rxjava\3.0.4\rxjava-3.0.4.jar;C:\Users\Pankaj Arora\.m2\repository\org\reactivestreams\reactive-streams\1.0.3\reactive-streams-1.0.3.jar;C:\Users\Pankaj Arora\.m2\repository\org\freemarker\freemarker\2.3.30\freemarker-2.3.30.jar;C:\Users\Pankaj Arora\.m2\repository\org\projectlombok\lombok\1.18.12\lombok-1.18.12.jar;C:\Users\Pankaj Arora\.m2\repository\com\google\code\gson\gson\2.8.6\gson-2.8.6.jar;C:\Users\Pankaj Arora\.m2\repository\org\apache\logging\log4j\log4j-api\2.13.3\log4j-api-2.13.3.jar;C:\Users\Pankaj Arora\.m2\repository\org\apache\logging\log4j\log4j-core\2.13.3\log4j-core-2.13.3.jar;C:\Users\Pankaj Arora\.m2\repository\junit\junit\4.11\junit-4.11.jar;C:\Users\Pankaj Arora\.m2\repository\org\hamcrest\hamcrest-core\1.3\hamcrest-core-1.3.jar;C:\Users\Pankaj Arora\.m2\repository\commons-io\commons-io\2.5\commons-io-2.5.jar;C:\Users\Pankaj Arora\.m2\repository\org\seleniumhq\selenium\selenium-java\4.0.0-alpha-4\selenium-java-4.0.0-alpha-4.jar;C:\Users\Pankaj Arora\.m2\repository\org\seleniumhq\selenium\selenium-api\4.0.0-alpha-4\selenium-api-4.0.0-alpha-4.jar;C:\Users\Pankaj Arora\.m2\repository\org\seleniumhq\selenium\selenium-chrome-driver\4.0.0-alpha-4\selenium-chrome-driver-4.0.0-alpha-4.jar;C:\Users\Pankaj Arora\.m2\repository\com\google\auto\service\auto-service-annotations\1.0-rc6\auto-service-annotations-1.0-rc6.jar;C:\Users\Pankaj Arora\.m2\repository\com\google\auto\service\auto-service\1.0-rc6\auto-service-1.0-rc6.jar;C:\Users\Pankaj Arora\.m2\repository\com\google\auto\auto-common\0.10\auto-common-0.10.jar;C:\Users\Pankaj Arora\.m2\repository\com\google\guava\guava\28.2-jre\guava-28.2-jre.jar;C:\Users\Pankaj Arora\.m2\repository\com\google\guava\failureaccess\1.0.1\failureaccess-1.0.1.jar;C:\Users\Pankaj Arora\.m2\repository\com\google\guava\listenablefuture\9999.0-empty-to-avoid-conflict-with-guava\listenablefuture-9999.0-empty-to-avoid-conflict-with-guava.jar;C:\Users\Pankaj Arora\.m2\repository\com\google\code\findbugs\jsr305\3.0.2\jsr305-3.0.2.jar;C:\Users\Pankaj Arora\.m2\repository\org\checkerframework\checker-qual\2.10.0\checker-qual-2.10.0.jar;C:\Users\Pankaj Arora\.m2\repository\com\google\errorprone\error_prone_annotations\2.3.4\error_prone_annotations-2.3.4.jar;C:\Users\Pankaj Arora\.m2\repository\com\google\j2objc\j2objc-annotations\1.3\j2objc-annotations-1.3.jar;C:\Users\Pankaj Arora\.m2\repository\org\seleniumhq\selenium\selenium-chromium-driver\4.0.0-alpha-4\selenium-chromium-driver-4.0.0-alpha-4.jar;C:\Users\Pankaj Arora\.m2\repository\org\seleniumhq\selenium\selenium-devtools\4.0.0-alpha-4\selenium-devtools-4.0.0-alpha-4.jar;C:\Users\Pankaj Arora\.m2\repository\org\seleniumhq\selenium\selenium-http\4.0.0-alpha-4\selenium-http-4.0.0-alpha-4.jar;C:\Users\Pankaj Arora\.m2\repository\org\seleniumhq\selenium\selenium-json\4.0.0-alpha-4\selenium-json-4.0.0-alpha-4.jar;C:\Users\Pankaj Arora\.m2\repository\org\seleniumhq\selenium\selenium-edge-driver\4.0.0-alpha-4\selenium-edge-driver-4.0.0-alpha-4.jar;C:\Users\Pankaj Arora\.m2\repository\org\seleniumhq\selenium\selenium-edgehtml-driver\4.0.0-alpha-4\selenium-edgehtml-driver-4.0.0-alpha-4.jar;C:\Users\Pankaj Arora\.m2\repository\org\seleniumhq\selenium\selenium-firefox-driver\4.0.0-alpha-4\selenium-firefox-driver-4.0.0-alpha-4.jar;C:\Users\Pankaj Arora\.m2\repository\org\seleniumhq\selenium\selenium-firefox-xpi-driver\4.0.0-alpha-4\selenium-firefox-xpi-driver-4.0.0-alpha-4.jar;C:\Users\Pankaj Arora\.m2\repository\org\seleniumhq\selenium\selenium-ie-driver\4.0.0-alpha-4\selenium-ie-driver-4.0.0-alpha-4.jar;C:\Users\Pankaj Arora\.m2\repository\org\seleniumhq\selenium\selenium-opera-driver\4.0.0-alpha-4\selenium-opera-driver-4.0.0-alpha-4.jar;C:\Users\Pankaj Arora\.m2\repository\org\seleniumhq\selenium\selenium-remote-driver\4.0.0-alpha-4\selenium-remote-driver-4.0.0-alpha-4.jar;C:\Users\Pankaj Arora\.m2\repository\com\squareup\okhttp3\okhttp\4.3.0\okhttp-4.3.0.jar;C:\Users\Pankaj Arora\.m2\repository\com\squareup\okio\okio\2.4.1\okio-2.4.1.jar;C:\Users\Pankaj Arora\.m2\repository\org\jetbrains\kotlin\kotlin-stdlib-common\1.3.50\kotlin-stdlib-common-1.3.50.jar;C:\Users\Pankaj Arora\.m2\repository\org\jetbrains\kotlin\kotlin-stdlib\1.3.61\kotlin-stdlib-1.3.61.jar;C:\Users\Pankaj Arora\.m2\repository\org\jetbrains\annotations\13.0\annotations-13.0.jar;C:\Users\Pankaj Arora\.m2\repository\com\typesafe\netty\netty-reactive-streams\2.0.4\netty-reactive-streams-2.0.4.jar;C:\Users\Pankaj Arora\.m2\repository\io\netty\netty-handler\4.1.43.Final\netty-handler-4.1.43.Final.jar;C:\Users\Pankaj Arora\.m2\repository\io\netty\netty-common\4.1.43.Final\netty-common-4.1.43.Final.jar;C:\Users\Pankaj Arora\.m2\repository\io\netty\netty-buffer\4.1.43.Final\netty-buffer-4.1.43.Final.jar;C:\Users\Pankaj Arora\.m2\repository\io\netty\netty-transport\4.1.43.Final\netty-transport-4.1.43.Final.jar;C:\Users\Pankaj Arora\.m2\repository\io\netty\netty-codec\4.1.43.Final\netty-codec-4.1.43.Final.jar;C:\Users\Pankaj Arora\.m2\repository\io\opentracing\opentracing-api\0.33.0\opentracing-api-0.33.0.jar;C:\Users\Pankaj Arora\.m2\repository\net\bytebuddy\byte-buddy\1.10.6\byte-buddy-1.10.6.jar;C:\Users\Pankaj Arora\.m2\repository\org\apache\commons\commons-exec\1.3\commons-exec-1.3.jar;C:\Users\Pankaj Arora\.m2\repository\org\asynchttpclient\async-http-client\2.10.4\async-http-client-2.10.4.jar;C:\Users\Pankaj Arora\.m2\repository\org\asynchttpclient\async-http-client-netty-utils\2.10.4\async-http-client-netty-utils-2.10.4.jar;C:\Users\Pankaj Arora\.m2\repository\io\netty\netty-codec-http\4.1.42.Final\netty-codec-http-4.1.42.Final.jar;C:\Users\Pankaj Arora\.m2\repository\io\netty\netty-codec-socks\4.1.42.Final\netty-codec-socks-4.1.42.Final.jar;C:\Users\Pankaj Arora\.m2\repository\io\netty\netty-handler-proxy\4.1.42.Final\netty-handler-proxy-4.1.42.Final.jar;C:\Users\Pankaj Arora\.m2\repository\io\netty\netty-transport-native-epoll\4.1.42.Final\netty-transport-native-epoll-4.1.42.Final-linux-x86_64.jar;C:\Users\Pankaj Arora\.m2\repository\io\netty\netty-transport-native-unix-common\4.1.42.Final\netty-transport-native-unix-common-4.1.42.Final.jar;C:\Users\Pankaj Arora\.m2\repository\io\netty\netty-transport-native-kqueue\4.1.42.Final\netty-transport-native-kqueue-4.1.42.Final-osx-x86_64.jar;C:\Users\Pankaj Arora\.m2\repository\io\netty\netty-resolver-dns\4.1.42.Final\netty-resolver-dns-4.1.42.Final.jar;C:\Users\Pankaj Arora\.m2\repository\io\netty\netty-resolver\4.1.42.Final\netty-resolver-4.1.42.Final.jar;C:\Users\Pankaj Arora\.m2\repository\io\netty\netty-codec-dns\4.1.42.Final\netty-codec-dns-4.1.42.Final.jar;C:\Users\Pankaj Arora\.m2\repository\org\slf4j\slf4j-api\1.7.26\slf4j-api-1.7.26.jar;C:\Users\Pankaj Arora\.m2\repository\com\sun\activation\javax.activation\1.2.0\javax.activation-1.2.0.jar;C:\Users\Pankaj Arora\.m2\repository\org\seleniumhq\selenium\selenium-safari-driver\4.0.0-alpha-4\selenium-safari-driver-4.0.0-alpha-4.jar;C:\Users\Pankaj Arora\.m2\repository\org\seleniumhq\selenium\selenium-support\4.0.0-alpha-4\selenium-support-4.0.0-alpha-4.jar;C:\Users\Pankaj Arora\.m2\repository\org\testng\testng\7.3.0\testng-7.3.0.jar;C:\Users\Pankaj Arora\.m2\repository\com\beust\jcommander\1.78\jcommander-1.78.jar;C:\Users\Pankaj Arora\.m2\repository\org\apache\ant\ant\1.10.3\ant-1.10.3.jar;C:\Users\Pankaj Arora\.m2\repository\org\apache\ant\ant-launcher\1.10.3\ant-launcher-1.10.3.jar;C:\Users\Pankaj Arora\.m2\repository\com\google\inject\guice\4.2.2\guice-4.2.2-no_aop.jar;C:\Users\Pankaj Arora\.m2\repository\javax\inject\javax.inject\1\javax.inject-1.jar;C:\Users\Pankaj Arora\.m2\repository\aopalliance\aopalliance\1.0\aopalliance-1.0.jar;C:\Users\Pankaj Arora\.m2\repository\org\yaml\snakeyaml\1.21\snakeyaml-1.21.jar;"/>
    <property name="sun.cpu.endian" value="little"/>
    <property name="user.home" value="C:\Users\Pankaj Arora"/>
    <property name="user.language" value="en"/>
    <property name="java.specification.vendor" value="Oracle Corporation"/>
    <property name="java.home" value="C:\Program Files\Java\jdk1.8.0_51\jre"/>
    <property name="basedir" value="C:\Users\Pankaj Arora\eclipse-workspace\RealTime"/>
    <property name="file.separator" value="\"/>
    <property name="line.separator" value="&#10;"/>
    <property name="java.vm.specification.vendor" value="Oracle Corporation"/>
    <property name="java.specification.name" value="Java Platform API Specification"/>
    <property name="java.awt.graphicsenv" value="sun.awt.Win32GraphicsEnvironment"/>
    <property name="surefire.real.class.path" value="C:\Users\Pankaj Arora\AppData\Local\Temp\surefire977247037741117041\surefirebooter2390803449592897209.jar"/>
    <property name="sun.boot.class.path" value="C:\Program Files\Java\jdk1.8.0_51\jre\lib\resources.jar;C:\Program Files\Java\jdk1.8.0_51\jre\lib\rt.jar;C:\Program Files\Java\jdk1.8.0_51\jre\lib\sunrsasign.jar;C:\Program Files\Java\jdk1.8.0_51\jre\lib\jsse.jar;C:\Program Files\Java\jdk1.8.0_51\jre\lib\jce.jar;C:\Program Files\Java\jdk1.8.0_51\jre\lib\charsets.jar;C:\Program Files\Java\jdk1.8.0_51\jre\lib\jfr.jar;C:\Program Files\Java\jdk1.8.0_51\jre\classes"/>
    <property name="user.script" value=""/>
    <property name="sun.management.compiler" value="HotSpot 64-Bit Tiered Compilers"/>
    <property name="java.runtime.version" value="1.8.0_51-b16"/>
    <property name="user.name" value="Pankaj Arora"/>
    <property name="path.separator" value=";"/>
    <property name="os.version" value="6.3"/>
    <property name="java.endorsed.dirs" value="C:\Program Files\Java\jdk1.8.0_51\jre\lib\endorsed"/>
    <property name="java.runtime.name" value="Java(TM) SE Runtime Environment"/>
    <property name="file.encoding" value="Cp1252"/>
    <property name="sun.nio.ch.bugLevel" value=""/>
    <property name="java.vm.name" value="Java HotSpot(TM) 64-Bit Server VM"/>
    <property name="localRepository" value="C:\Users\Pankaj Arora\.m2\repository"/>
    <property name="java.vendor.url.bug" value="http://bugreport.sun.com/bugreport/"/>
    <property name="java.io.tmpdir" value="C:\Users\PANKAJ~2\AppData\Local\Temp\"/>
    <property name="java.version" value="1.8.0_51"/>
    <property name="user.dir" value="C:\Users\Pankaj Arora\eclipse-workspace\RealTime"/>
    <property name="os.arch" value="amd64"/>
    <property name="java.vm.specification.name" value="Java Virtual Machine Specification"/>
    <property name="java.awt.printerjob" value="sun.awt.windows.WPrinterJob"/>
    <property name="sun.os.patch.level" value=""/>
    <property name="java.library.path" value="C:\Program Files\Java\jdk1.8.0_51\jre\bin;C:\WINDOWS\Sun\Java\bin;C:\WINDOWS\system32;C:\WINDOWS;C:\Program Files\Java\jdk1.8.0_51\bin;C:\Program Files (x86)\Common Files\Oracle\Java\javapath;C:\Program Files\Broadcom\Broadcom 802.11 Network Adapter;C:\ProgramData\Oracle\Java\javapath;C:\WINDOWS\system32;C:\WINDOWS;C:\WINDOWS\System32\Wbem;C:\WINDOWS\System32\WindowsPowerShell\v1.0\;C:\Program Files (x86)\NVIDIA Corporation\PhysX\Common;c:\Program Files\Intel\WiFi\bin\;c:\Program Files\Common Files\Intel\WirelessCommon\;C:\Program Files\Hewlett-Packard\SimplePass\;C:\WINDOWS\system32;C:\WINDOWS;C:\WINDOWS\System32\Wbem;C:\WINDOWS\System32\WindowsPowerShell\v1.0\;C:\WINDOWS\system32\config\systemprofile\.dnx\bin;C:\Program Files\Microsoft DNX\Dnvm\;C:\Program Files\Microsoft SQL Server\130\Tools\Binn\;C:\Program Files (x86)\Windows Kits\8.1\Windows Performance Toolkit\;C:\Program Files\MATLAB\R2016b\runtime\win64;C:\Program Files\MATLAB\R2016b\bin;C:\MinGW\bin;C:\Program Files (x86)\PuTTY\;C:\sqlite;C:\WINDOWS\System32\OpenSSH\;C:\Program Files\Git\cmd;C:\Program Files\nodejs\;C:\work\apache-maven-3.6.3-bin\apache-maven-3.6.3\bin;C:\work\apache-maven-3.6.3-bin\apache-maven-3.6.3\bin;C:\Users\Pankaj Arora\Anaconda3;C:\Users\Pankaj Arora\Anaconda3\Library\mingw-w64\bin;C:\Users\Pankaj Arora\Anaconda3\Library\usr\bin;C:\Users\Pankaj Arora\Anaconda3\Library\bin;C:\Users\Pankaj Arora\Anaconda3\Scripts;C:\Users\Pankaj Arora\AppData\Local\Programs\Python\Python36\Scripts\;C:\Users\Pankaj Arora\AppData\Local\Programs\Python\Python36\;C:\Program Files\Java\jdk1.8.0_51\bin;C:\Program Files (x86)\Common Files\Oracle\Java\javapath;C:\Program Files\Broadcom\Broadcom 802.11 Network Adapter;C:\ProgramData\Oracle\Java\javapath;C:\WINDOWS\system32;C:\WINDOWS;C:\WINDOWS\System32\Wbem;C:\WINDOWS\System32\WindowsPowerShell\v1.0\;C:\Program Files (x86)\NVIDIA Corporation\PhysX\Common;c:\Program Files\Intel\WiFi\bin\;c:\Program Files\Common Files\Intel\WirelessCommon\;C:\Program Files\Hewlett-Packard\SimplePass\;C:\WINDOWS\system32;C:\WINDOWS;C:\WINDOWS\System32\Wbem;C:\WINDOWS\System32\WindowsPowerShell\v1.0\;C:\WINDOWS\system32\config\systemprofile\.dnx\bin;C:\Program Files\Microsoft DNX\Dnvm\;C:\Program Files\Microsoft SQL Server\130\Tools\Binn\;C:\Program Files (x86)\Windows Kits\8.1\Windows Performance Toolkit\;C:\Program Files\MATLAB\R2016b\runtime\win64;C:\Program Files\MATLAB\R2016b\bin;C:\MinGW\bin;C:\Program Files (x86)\PuTTY\;C:\sqlite;C:\WINDOWS\System32\OpenSSH\;C:\Program Files\Git\cmd;C:\Program Files\nodejs\;C:\work\apache-maven-3.6.3-bin\apache-maven-3.6.3\bin;C:\work\apache-maven-3.6.3-bin\apache-maven-3.6.3\bin;;c:\iverilog\bin;C:\Users\Pankaj Arora\AppData\Local\Microsoft\WindowsApps;C:\Users\Pankaj Arora\AppData\Roaming\npm;;."/>
    <property name="java.vm.info" value="mixed mode"/>
    <property name="java.vendor" value="Oracle Corporation"/>
    <property name="java.vm.version" value="25.51-b03"/>
    <property name="java.ext.dirs" value="C:\Program Files\Java\jdk1.8.0_51\jre\lib\ext;C:\WINDOWS\Sun\Java\lib\ext"/>
    <property name="sun.io.unicode.encoding" value="UnicodeLittle"/>
    <property name="java.class.version" value="52.0"/>
  </properties>
  <testcase name="basePageNavigation[nonrestrication.com, 1234, non restricted](1)" classname="RealTime.HomePage" time="6.018">
    <system-err><![CDATA[SLF4J: Failed to load class "org.slf4j.impl.StaticLoggerBinder".
SLF4J: Defaulting to no-operation (NOP) logger implementation
SLF4J: See http://www.slf4j.org/codes.html#StaticLoggerBinder for further details.
Starting ChromeDriver 84.0.4147.30 (48b3e868b4cc0aa7e8149519690b6f6949e110a8-refs/branch-heads/4147@{#310}) on port 39974
Only local connections are allowed.
Please see https://chromedriver.chromium.org/security-considerations for suggestions on keeping ChromeDriver safe.
ChromeDriver was started successfully.
[1600604867.416][WARNING]: This version of ChromeDriver has not been tested with Chrome version 85.
Sep 20, 2020 5:57:49 PM org.openqa.selenium.remote.ProtocolHandshake createSession
INFO: Detected dialect: W3C
]]></system-err>
  </testcase>
  <testcase name="basePageNavigation" classname="RealTime.HomePage" time="6.071">
    <failure type="java.lang.NullPointerException"><![CDATA[java.lang.NullPointerException
]]></failure>
  </testcase>
  <testcase name="validateNavigationbar" classname="RealTime.Navigatebar" time="0.059">
    <system-err><![CDATA[Starting ChromeDriver 84.0.4147.30 (48b3e868b4cc0aa7e8149519690b6f6949e110a8-refs/branch-heads/4147@{#310}) on port 37039
Only local connections are allowed.
Please see https://chromedriver.chromium.org/security-considerations for suggestions on keeping ChromeDriver safe.
ChromeDriver was started successfully.
[1600604880.753][WARNING]: This version of ChromeDriver has not been tested with Chrome version 85.
Sep 20, 2020 5:58:02 PM org.openqa.selenium.remote.ProtocolHandshake createSession
INFO: Detected dialect: W3C
]]></system-err>
  </testcase>
  <testcase name="validateNavigationbar" classname="RealTime.Navigatebar" time="0.059">
    <failure type="java.lang.NullPointerException"><![CDATA[java.lang.NullPointerException
]]></failure>
  </testcase>
  <testcase name="validateTitleOfIt" classname="RealTime.validateTitle" time="0.004">
    <failure message="expected [FEATURED COURSES123] but found [FEATURED COURSES]" type="java.lang.AssertionError"><![CDATA[java.lang.AssertionError: expected [FEATURED COURSES123] but found [FEATURED COURSES]
	at RealTime.validateTitle.validateTitleOfIt(validateTitle.java:35)
]]></failure>
    <system-err><![CDATA[Starting ChromeDriver 84.0.4147.30 (48b3e868b4cc0aa7e8149519690b6f6949e110a8-refs/branch-heads/4147@{#310}) on port 33383
Only local connections are allowed.
Please see https://chromedriver.chromium.org/security-considerations for suggestions on keeping ChromeDriver safe.
ChromeDriver was started successfully.
[1600604890.980][WARNING]: This version of ChromeDriver has not been tested with Chrome version 85.
Sep 20, 2020 5:58:12 PM org.openqa.selenium.remote.ProtocolHandshake createSession
INFO: Detected dialect: W3C
]]></system-err>
  </testcase>
</testsuite>